<?xml version="1.0" encoding="UTF-8"?>
<!-- Generated by org.testng.reporters.JUnitReportReporter -->
<testsuite hostname="DESKTOP-323PRUK" failures="0" tests="2" name="com.Test.Verifyorange_TC001" time="35.080" errors="0" timestamp="2022-05-04T09:06:04 IST" skipped="0">
  <testcase classname="com.Test.Verifyorange_TC001" name="verifyorange_tc001" time="14.562"/>
  <system-out/>
  <testcase classname="com.Test.Verifyorange_TC001" name="verifyorange_tc001" time="20.518"/>
  <system-out/>
</testsuite> <!-- com.Test.Verifyorange_TC001 -->
